
/home/runner/work/exp-unsteady-heat-conduction-ii-iitb/exp-unsteady-heat-conduction-ii-iitb/experiment/simulation/common_libraries/js/ts_components/collapse_step.js
   1:10  warning  'show_step' is defined but never used                 no-unused-vars
   2:5   warning  '$' is not defined                                    no-undef
   3:9   warning  '$' is not defined                                    no-undef
   6:10  warning  'hide_step' is defined but never used                 no-unused-vars
   7:5   warning  '$' is not defined                                    no-undef
   8:9   warning  '$' is not defined                                    no-undef
  11:10  warning  'get_collapse_btn_text' is defined but never used     no-unused-vars
  20:10  warning  'get_collapse_btn_element' is defined but never used  no-unused-vars
  29:10  warning  'hide_all_steps' is defined but never used            no-unused-vars
  31:9   warning  '$' is not defined                                    no-undef

/home/runner/work/exp-unsteady-heat-conduction-ii-iitb/exp-unsteady-heat-conduction-ii-iitb/experiment/simulation/common_libraries/js/ts_components/matrix.js
   27:26  warning  'MathJax' is not defined                                no-undef
   32:7   warning  'Matrix_Without_String' is defined but never used       no-unused-vars
   52:26  warning  'MathJax' is not defined                                no-undef
   56:10  warning  'get_matrix_html' is defined but never used             no-unused-vars
   87:13  warning  'row_html' is assigned a value but never used           no-unused-vars
   99:10  warning  'get_matrix_html_with_title' is defined but never used  no-unused-vars
  131:13  warning  'row_html' is assigned a value but never used           no-unused-vars
  143:10  warning  'convert_2d_to_1d_vector' is defined but never used     no-unused-vars
  156:10  warning  'convert_1d_to_2d_matrix' is defined but never used     no-unused-vars

/home/runner/work/exp-unsteady-heat-conduction-ii-iitb/exp-unsteady-heat-conduction-ii-iitb/experiment/simulation/common_libraries/js/ts_components/pannel.js
  8:7  warning  'Pannel' is defined but never used  no-unused-vars

/home/runner/work/exp-unsteady-heat-conduction-ii-iitb/exp-unsteady-heat-conduction-ii-iitb/experiment/simulation/common_libraries/js/ts_components/questions.js
   6:17  warning  'op1' is assigned a value but never used      no-unused-vars
   7:17  warning  'op2' is assigned a value but never used      no-unused-vars
   8:17  warning  'op3' is assigned a value but never used      no-unused-vars
   9:17  warning  'op4' is assigned a value but never used      no-unused-vars
  94:7   warning  'Question_Options' is defined but never used  no-unused-vars

/home/runner/work/exp-unsteady-heat-conduction-ii-iitb/exp-unsteady-heat-conduction-ii-iitb/experiment/simulation/common_libraries/js/ts_components/tables.js
   19:22  warning  'verify_values' is not defined                                     no-undef
  137:22  warning  'verify_values' is not defined                                     no-undef
  260:7   warning  'Verify_Rows_Cols_6_decimal_places' is defined but never used      no-unused-vars
  311:22  warning  'verify_values' is not defined                                     no-undef
  416:7   warning  'Verify_Rows_Cols_Custom_Fixed_Update1' is defined but never used  no-unused-vars
  468:7   warning  'Show_Table_Custom_Fixed' is defined but never used                no-unused-vars
  506:7   warning  'Verify_Rows_Cols_Strings' is defined but never used               no-unused-vars
  527:22  warning  'verify_values' is not defined                                     no-undef
  663:7   warning  'Display_Table' is defined but never used                          no-unused-vars

/home/runner/work/exp-unsteady-heat-conduction-ii-iitb/exp-unsteady-heat-conduction-ii-iitb/experiment/simulation/common_libraries/js/ts_math_library/general_math_functions.js
    1:10  warning  'verify_values' is defined but never used                   no-unused-vars
   17:10  warning  'random1' is defined but never used                         no-unused-vars
   21:10  warning  'std_deviation' is defined but never used                   no-unused-vars
   26:10  warning  'gauss' is defined but never used                           no-unused-vars
   56:10  warning  'hide_panel' is defined but never used                      no-unused-vars
   63:10  warning  'inverse_matrix' is defined but never used                  no-unused-vars
   96:10  warning  'matrix_multiplication' is defined but never used           no-unused-vars
  113:10  warning  'transpose_matrix' is defined but never used                no-unused-vars
  123:10  warning  'matrix_multiplication_8decimal' is defined but never used  no-unused-vars
  140:10  warning  'adjoint_2x2_matrix' is defined but never used              no-unused-vars
  145:10  warning  'find_deteminant' is defined but never used                 no-unused-vars
  174:10  warning  'get_Submatrix' is defined but never used                   no-unused-vars

/home/runner/work/exp-unsteady-heat-conduction-ii-iitb/exp-unsteady-heat-conduction-ii-iitb/experiment/simulation/common_libraries/js/ts_math_library/regression.js
   1:10  warning  'regression_linear' is defined but never used            no-unused-vars
  18:10  warning  'regression_linear_1variable' is defined but never used  no-unused-vars
  27:10  warning  'regression_linear_2variable' is defined but never used  no-unused-vars
  52:11  warning  'gauss' is not defined                                   no-undef

/home/runner/work/exp-unsteady-heat-conduction-ii-iitb/exp-unsteady-heat-conduction-ii-iitb/experiment/simulation/common_libraries/math.ob.js
  1:745  warning  'b' is already defined  no-redeclare

/home/runner/work/exp-unsteady-heat-conduction-ii-iitb/exp-unsteady-heat-conduction-ii-iitb/experiment/simulation/js/activity1.js
   19:24   warning  'MathJax' is not defined                 no-undef
   22:10   warning  'Verify_act1' is defined but never used  no-unused-vars
   27:20   warning  'get_collapse_btn_text' is not defined   no-undef
   33:125  warning  'thermos_h' is not defined               no-undef
   33:161  warning  'thermos_k' is not defined               no-undef
   33:197  warning  'thermos_cp' is not defined              no-undef
   33:227  warning  'thermos_rho' is not defined             no-undef
   39:50   warning  'thermos_junction_temp' is not defined   no-undef
   39:128  warning  'thermos_stream_temp' is not defined     no-undef
   39:215  warning  'thermos_temp_achive' is not defined     no-undef
   52:5    warning  'hide_all_steps' is not defined          no-undef
   53:24   warning  'show_step' is not defined               no-undef
   54:24   warning  'MathJax' is not defined                 no-undef
   57:10   warning  'sol1' is defined but never used         no-unused-vars
   62:20   warning  'get_collapse_btn_text' is not defined   no-undef
  102:5    warning  'thermos_r' is not defined               no-undef
  102:22   warning  'thermos_tao' is not defined             no-undef
  102:36   warning  'thermos_h' is not defined               no-undef
  102:57   warning  'thermos_rho' is not defined             no-undef
  102:71   warning  'thermos_cp' is not defined              no-undef
  104:5    warning  'hide_all_steps' is not defined          no-undef
  105:24   warning  'show_step' is not defined               no-undef
  106:24   warning  'MathJax' is not defined                 no-undef
  109:10   warning  'verify_sol1' is defined but never used  no-unused-vars
  111:17   warning  'thermos_r' is not defined               no-undef
  114:10   warning  'verify_values' is not defined           no-undef
  114:48   warning  'thermos_r' is not defined               no-undef
  120:25   warning  'thermos_r' is not defined               no-undef
  126:20   warning  'get_collapse_btn_text' is not defined   no-undef
  165:5    warning  'thermos_biot_number' is not defined     no-undef
  165:27   warning  'thermos_h' is not defined               no-undef
  165:40   warning  'thermos_r' is not defined               no-undef
  165:61   warning  'thermos_k' is not defined               no-undef
  167:5    warning  'hide_all_steps' is not defined          no-undef
  168:24   warning  'show_step' is not defined               no-undef
  169:24   warning  'MathJax' is not defined                 no-undef
  171:10   warning  'verify_sol2' is defined but never used  no-unused-vars
  173:17   warning  'thermos_biot_number' is not defined     no-undef
  176:10   warning  'verify_values' is not defined           no-undef
  176:48   warning  'thermos_biot_number' is not defined     no-undef
  182:25   warning  'thermos_biot_number' is not defined     no-undef
  188:20   warning  'get_collapse_btn_text' is not defined   no-undef
  239:5    warning  'thermos_t' is not defined               no-undef
  239:22   warning  'thermos_tao' is not defined             no-undef
  241:5    warning  'hide_all_steps' is not defined          no-undef
  242:24   warning  'show_step' is not defined               no-undef
  243:24   warning  'MathJax' is not defined                 no-undef
  245:10   warning  'verify_sol3' is defined but never used  no-unused-vars
  247:17   warning  'thermos_t' is not defined               no-undef
  250:10   warning  'verify_values' is not defined           no-undef
  250:48   warning  'thermos_t' is not defined               no-undef
  256:25   warning  'thermos_t' is not defined               no-undef
  259:5    warning  'activity2' is not defined               no-undef

/home/runner/work/exp-unsteady-heat-conduction-ii-iitb/exp-unsteady-heat-conduction-ii-iitb/experiment/simulation/js/activity2.js
    1:10   warning  'activity2' is defined but never used     no-unused-vars
   17:5    warning  'maindiv' is not defined                  no-undef
   18:24   warning  'MathJax' is not defined                  no-undef
   21:10   warning  'Verify_act2' is defined but never used   no-unused-vars
   26:20   warning  'get_collapse_btn_text' is not defined    no-undef
   32:42   warning  'lc_diamter' is not defined               no-undef
   32:71   warning  'lc_init_temp' is not defined             no-undef
   32:200  warning  'lc_tgt_temp' is not defined              no-undef
   32:267  warning  'lc_gas_temp' is not defined              no-undef
   32:295  warning  'lc_h' is not defined                     no-undef
   32:326  warning  'lc_k' is not defined                     no-undef
   32:351  warning  'lc_alpha' is not defined                 no-undef
   32:384  warning  'lc_a' is not defined                     no-undef
   45:5    warning  'maindiv' is not defined                  no-undef
   46:5    warning  'hide_all_steps' is not defined           no-undef
   47:24   warning  'show_step' is not defined                no-undef
   48:24   warning  'MathJax' is not defined                  no-undef
   51:10   warning  'a2_sol2' is defined but never used       no-unused-vars
   52:20   warning  'get_collapse_btn_text' is not defined    no-undef
   64:37   warning  'lc_diamter' is not defined               no-undef
   91:5    warning  'lc_bi' is not defined                    no-undef
   91:13   warning  'lc_h' is not defined                     no-undef
   91:21   warning  'lc_diamter' is not defined               no-undef
   91:41   warning  'lc_k' is not defined                     no-undef
   92:5    warning  'maindiv' is not defined                  no-undef
   93:5    warning  'hide_all_steps' is not defined           no-undef
   94:24   warning  'show_step' is not defined                no-undef
   95:24   warning  'MathJax' is not defined                  no-undef
   97:10   warning  'verify2_sol2' is defined but never used  no-unused-vars
   99:17   warning  'lc_bi' is not defined                    no-undef
  102:10   warning  'verify_values' is not defined            no-undef
  102:48   warning  'lc_bi' is not defined                    no-undef
  108:25   warning  'lc_bi' is not defined                    no-undef
  114:20   warning  'get_collapse_btn_text' is not defined    no-undef
  127:62   warning  'lc_tgt_temp' is not defined              no-undef
  127:79   warning  'lc_gas_temp' is not defined              no-undef
  127:95   warning  'lc_init_temp' is not defined             no-undef
  127:113  warning  'lc_gas_temp' is not defined              no-undef
  137:53   warning  'lc_bi' is not defined                    no-undef
  137:70   warning  'lc_bi' is not defined                    no-undef
  150:5    warning  'lc_theta_ratio' is not defined           no-undef
  150:23   warning  'lc_tgt_temp' is not defined              no-undef
  150:37   warning  'lc_gas_temp' is not defined              no-undef
  150:53   warning  'lc_init_temp' is not defined             no-undef
  150:68   warning  'lc_gas_temp' is not defined              no-undef
  151:5    warning  'maindiv' is not defined                  no-undef
  152:5    warning  'hide_all_steps' is not defined           no-undef
  153:24   warning  'show_step' is not defined                no-undef
  154:24   warning  'MathJax' is not defined                  no-undef
  156:10   warning  'verify2_sol3' is defined but never used  no-unused-vars
  158:17   warning  'lc_theta_ratio' is not defined           no-undef
  161:10   warning  'verify_values' is not defined            no-undef
  161:48   warning  'lc_theta_ratio' is not defined           no-undef
  167:25   warning  'lc_theta_ratio' is not defined           no-undef
  173:20   warning  'get_collapse_btn_text' is not defined    no-undef
  218:5    warning  'lc_t' is not defined                     no-undef
  218:12   warning  'fourier_number' is not defined           no-undef
  218:40   warning  'lc_diamter' is not defined               no-undef
  218:65   warning  'lc_alpha' is not defined                 no-undef
  219:5    warning  'maindiv' is not defined                  no-undef
  220:5    warning  'hide_all_steps' is not defined           no-undef
  221:24   warning  'show_step' is not defined                no-undef
  222:24   warning  'MathJax' is not defined                  no-undef
  224:10   warning  'verify2_sol4' is defined but never used  no-unused-vars
  226:17   warning  'lc_t' is not defined                     no-undef
  229:10   warning  'verify_values' is not defined            no-undef
  229:48   warning  'lc_t' is not defined                     no-undef
  235:25   warning  'lc_t' is not defined                     no-undef

/home/runner/work/exp-unsteady-heat-conduction-ii-iitb/exp-unsteady-heat-conduction-ii-iitb/experiment/simulation/js/data.js
   2:5  warning  'thermos_h' is assigned a value but never used              no-unused-vars
   3:5  warning  'thermos_k' is assigned a value but never used              no-unused-vars
   4:5  warning  'thermos_cp' is assigned a value but never used             no-unused-vars
   5:5  warning  'thermos_rho' is assigned a value but never used            no-unused-vars
   6:5  warning  'thermos_tao' is assigned a value but never used            no-unused-vars
   7:5  warning  'thermos_junction_temp' is assigned a value but never used  no-unused-vars
   9:5  warning  'thermos_temp_achive' is assigned a value but never used    no-unused-vars
  10:5  warning  'thermos_r' is assigned a value but never used              no-unused-vars
  11:5  warning  'thermos_biot_number' is assigned a value but never used    no-unused-vars
  12:5  warning  'thermos_t' is assigned a value but never used              no-unused-vars
  14:5  warning  'lc_diamter' is assigned a value but never used             no-unused-vars
  15:5  warning  'lc_init_temp' is assigned a value but never used           no-unused-vars
  16:5  warning  'lc_tgt_temp' is assigned a value but never used            no-unused-vars
  17:5  warning  'lc_gas_temp' is assigned a value but never used            no-unused-vars
  18:5  warning  'lc_h' is assigned a value but never used                   no-unused-vars
  19:5  warning  'lc_k' is assigned a value but never used                   no-unused-vars
  20:5  warning  'lc_alpha' is assigned a value but never used               no-unused-vars
  21:5  warning  'lc_a' is assigned a value but never used                   no-unused-vars
  22:5  warning  'lc_l' is assigned a value but never used                   no-unused-vars
  23:5  warning  'lc_bi' is assigned a value but never used                  no-unused-vars
  24:5  warning  'lc_theta_ratio' is assigned a value but never used         no-unused-vars
  25:5  warning  'fourier_number' is assigned a value but never used         no-unused-vars
  26:5  warning  'lc_t' is assigned a value but never used                   no-unused-vars

/home/runner/work/exp-unsteady-heat-conduction-ii-iitb/exp-unsteady-heat-conduction-ii-iitb/experiment/simulation/js/gauss_ele.js
  42:10  warning  'gauss_ele' is defined but never used  no-unused-vars

/home/runner/work/exp-unsteady-heat-conduction-ii-iitb/exp-unsteady-heat-conduction-ii-iitb/experiment/simulation/js/screen_size.js
  1:10  warning  'set_screen_size' is defined but never used  no-unused-vars

/home/runner/work/exp-unsteady-heat-conduction-ii-iitb/exp-unsteady-heat-conduction-ii-iitb/experiment/simulation/js/trap.js
   4:10  warning  'generate_data' is defined but never used  no-unused-vars
  13:10  warning  'trap' is defined but never used           no-unused-vars
  21:10  warning  'sim1by3' is defined but never used        no-unused-vars
  29:10  warning  'sim3by8' is defined but never used        no-unused-vars

✖ 201 problems (0 errors, 201 warnings)

